Aug 14 2023 15:35:39
{"type":2,"message":"qirolab_posts_where(): Argument #2 ($wp_query) must be passed by reference, value given","file":"C:\\xampp\\htdocs\\cbanovo.904.ag\\wp-includes\\class-wp-hook.php","line":308}

Aug 14 2023 15:35:42
{"type":2,"message":"qirolab_posts_where(): Argument #2 ($wp_query) must be passed by reference, value given","file":"C:\\xampp\\htdocs\\cbanovo.904.ag\\wp-includes\\class-wp-hook.php","line":308}

Aug 14 2023 15:35:43
{"Number":8192,"Message":"explode(): Passing null to parameter #2 ($string) of type string is deprecated","File":"C:\\xampp\\htdocs\\cbanovo.904.ag\\wp-content\\plugins\\all-in-one-wp-migration\\functions.php","Line":359}

Aug 14 2023 15:35:43
{"type":2,"message":"qirolab_posts_where(): Argument #2 ($wp_query) must be passed by reference, value given","file":"C:\\xampp\\htdocs\\cbanovo.904.ag\\wp-includes\\class-wp-hook.php","line":308}

Aug 14 2023 15:35:45
{"type":2,"message":"qirolab_posts_where(): Argument #2 ($wp_query) must be passed by reference, value given","file":"C:\\xampp\\htdocs\\cbanovo.904.ag\\wp-includes\\class-wp-hook.php","line":308}

Aug 14 2023 15:35:45
{"type":2,"message":"qirolab_posts_where(): Argument #2 ($wp_query) must be passed by reference, value given","file":"C:\\xampp\\htdocs\\cbanovo.904.ag\\wp-includes\\class-wp-hook.php","line":308}

Aug 14 2023 15:35:47
{"type":2,"message":"qirolab_posts_where(): Argument #2 ($wp_query) must be passed by reference, value given","file":"C:\\xampp\\htdocs\\cbanovo.904.ag\\wp-includes\\class-wp-hook.php","line":308}

Aug 14 2023 15:35:49
{"type":2,"message":"qirolab_posts_where(): Argument #2 ($wp_query) must be passed by reference, value given","file":"C:\\xampp\\htdocs\\cbanovo.904.ag\\wp-includes\\class-wp-hook.php","line":308}

Aug 14 2023 15:35:50
{"type":2,"message":"qirolab_posts_where(): Argument #2 ($wp_query) must be passed by reference, value given","file":"C:\\xampp\\htdocs\\cbanovo.904.ag\\wp-includes\\class-wp-hook.php","line":308}

Aug 14 2023 15:35:53
{"type":2,"message":"qirolab_posts_where(): Argument #2 ($wp_query) must be passed by reference, value given","file":"C:\\xampp\\htdocs\\cbanovo.904.ag\\wp-includes\\class-wp-hook.php","line":308}

Aug 14 2023 15:35:55
{"type":2,"message":"qirolab_posts_where(): Argument #2 ($wp_query) must be passed by reference, value given","file":"C:\\xampp\\htdocs\\cbanovo.904.ag\\wp-includes\\class-wp-hook.php","line":308}

Aug 14 2023 15:36:01
{"type":2,"message":"qirolab_posts_where(): Argument #2 ($wp_query) must be passed by reference, value given","file":"C:\\xampp\\htdocs\\cbanovo.904.ag\\wp-includes\\class-wp-hook.php","line":308}

Aug 14 2023 15:36:05
{"type":2,"message":"qirolab_posts_where(): Argument #2 ($wp_query) must be passed by reference, value given","file":"C:\\xampp\\htdocs\\cbanovo.904.ag\\wp-includes\\class-wp-hook.php","line":308}

Aug 14 2023 15:36:07
{"type":2,"message":"qirolab_posts_where(): Argument #2 ($wp_query) must be passed by reference, value given","file":"C:\\xampp\\htdocs\\cbanovo.904.ag\\wp-includes\\class-wp-hook.php","line":308}

Aug 14 2023 15:36:11
{"type":2,"message":"qirolab_posts_where(): Argument #2 ($wp_query) must be passed by reference, value given","file":"C:\\xampp\\htdocs\\cbanovo.904.ag\\wp-includes\\class-wp-hook.php","line":308}

Aug 14 2023 15:36:14
{"type":2,"message":"qirolab_posts_where(): Argument #2 ($wp_query) must be passed by reference, value given","file":"C:\\xampp\\htdocs\\cbanovo.904.ag\\wp-includes\\class-wp-hook.php","line":308}

Aug 14 2023 15:36:14
{"type":2,"message":"qirolab_posts_where(): Argument #2 ($wp_query) must be passed by reference, value given","file":"C:\\xampp\\htdocs\\cbanovo.904.ag\\wp-includes\\class-wp-hook.php","line":308}

Aug 14 2023 15:36:17
{"type":2,"message":"qirolab_posts_where(): Argument #2 ($wp_query) must be passed by reference, value given","file":"C:\\xampp\\htdocs\\cbanovo.904.ag\\wp-includes\\class-wp-hook.php","line":308}

Aug 14 2023 15:36:19
{"type":2,"message":"qirolab_posts_where(): Argument #2 ($wp_query) must be passed by reference, value given","file":"C:\\xampp\\htdocs\\cbanovo.904.ag\\wp-includes\\class-wp-hook.php","line":308}

Aug 14 2023 15:36:20
{"type":2,"message":"qirolab_posts_where(): Argument #2 ($wp_query) must be passed by reference, value given","file":"C:\\xampp\\htdocs\\cbanovo.904.ag\\wp-includes\\class-wp-hook.php","line":308}

Aug 14 2023 15:36:22
{"type":2,"message":"qirolab_posts_where(): Argument #2 ($wp_query) must be passed by reference, value given","file":"C:\\xampp\\htdocs\\cbanovo.904.ag\\wp-includes\\class-wp-hook.php","line":308}

Aug 14 2023 15:36:24
{"type":2,"message":"qirolab_posts_where(): Argument #2 ($wp_query) must be passed by reference, value given","file":"C:\\xampp\\htdocs\\cbanovo.904.ag\\wp-includes\\class-wp-hook.php","line":308}

Aug 14 2023 15:36:26
{"type":2,"message":"qirolab_posts_where(): Argument #2 ($wp_query) must be passed by reference, value given","file":"C:\\xampp\\htdocs\\cbanovo.904.ag\\wp-includes\\class-wp-hook.php","line":308}

Aug 14 2023 15:36:28
{"type":2,"message":"qirolab_posts_where(): Argument #2 ($wp_query) must be passed by reference, value given","file":"C:\\xampp\\htdocs\\cbanovo.904.ag\\wp-includes\\class-wp-hook.php","line":308}

Aug 14 2023 15:37:01
{"type":2,"message":"qirolab_posts_where(): Argument #2 ($wp_query) must be passed by reference, value given","file":"C:\\xampp\\htdocs\\cbanovo.904.ag\\wp-includes\\class-wp-hook.php","line":308}

Aug 14 2023 15:38:08
{"Number":8192,"Message":"explode(): Passing null to parameter #2 ($string) of type string is deprecated","File":"C:\\xampp\\htdocs\\cbanovo.904.ag\\wp-content\\plugins\\all-in-one-wp-migration\\functions.php","Line":359}

Aug 14 2023 15:38:08
{"type":2,"message":"qirolab_posts_where(): Argument #2 ($wp_query) must be passed by reference, value given","file":"C:\\xampp\\htdocs\\cbanovo.904.ag\\wp-includes\\class-wp-hook.php","line":308}

Aug 14 2023 15:38:11
{"type":2,"message":"qirolab_posts_where(): Argument #2 ($wp_query) must be passed by reference, value given","file":"C:\\xampp\\htdocs\\cbanovo.904.ag\\wp-includes\\class-wp-hook.php","line":308}

Aug 14 2023 15:38:11
{"type":2,"message":"qirolab_posts_where(): Argument #2 ($wp_query) must be passed by reference, value given","file":"C:\\xampp\\htdocs\\cbanovo.904.ag\\wp-includes\\class-wp-hook.php","line":308}

Aug 14 2023 15:38:13
{"type":2,"message":"qirolab_posts_where(): Argument #2 ($wp_query) must be passed by reference, value given","file":"C:\\xampp\\htdocs\\cbanovo.904.ag\\wp-includes\\class-wp-hook.php","line":308}

Aug 14 2023 15:38:15
{"type":2,"message":"qirolab_posts_where(): Argument #2 ($wp_query) must be passed by reference, value given","file":"C:\\xampp\\htdocs\\cbanovo.904.ag\\wp-includes\\class-wp-hook.php","line":308}

Aug 14 2023 15:38:15
{"type":2,"message":"qirolab_posts_where(): Argument #2 ($wp_query) must be passed by reference, value given","file":"C:\\xampp\\htdocs\\cbanovo.904.ag\\wp-includes\\class-wp-hook.php","line":308}

Aug 14 2023 15:38:17
{"type":2,"message":"qirolab_posts_where(): Argument #2 ($wp_query) must be passed by reference, value given","file":"C:\\xampp\\htdocs\\cbanovo.904.ag\\wp-includes\\class-wp-hook.php","line":308}

Aug 14 2023 15:38:20
{"type":2,"message":"qirolab_posts_where(): Argument #2 ($wp_query) must be passed by reference, value given","file":"C:\\xampp\\htdocs\\cbanovo.904.ag\\wp-includes\\class-wp-hook.php","line":308}

Aug 14 2023 15:38:23
{"type":2,"message":"qirolab_posts_where(): Argument #2 ($wp_query) must be passed by reference, value given","file":"C:\\xampp\\htdocs\\cbanovo.904.ag\\wp-includes\\class-wp-hook.php","line":308}

Aug 14 2023 15:38:26
{"type":2,"message":"qirolab_posts_where(): Argument #2 ($wp_query) must be passed by reference, value given","file":"C:\\xampp\\htdocs\\cbanovo.904.ag\\wp-includes\\class-wp-hook.php","line":308}

Aug 14 2023 15:38:26
{"type":2,"message":"qirolab_posts_where(): Argument #2 ($wp_query) must be passed by reference, value given","file":"C:\\xampp\\htdocs\\cbanovo.904.ag\\wp-includes\\class-wp-hook.php","line":308}

Aug 14 2023 15:38:28
{"type":2,"message":"qirolab_posts_where(): Argument #2 ($wp_query) must be passed by reference, value given","file":"C:\\xampp\\htdocs\\cbanovo.904.ag\\wp-includes\\class-wp-hook.php","line":308}

Aug 14 2023 15:38:29
{"type":2,"message":"qirolab_posts_where(): Argument #2 ($wp_query) must be passed by reference, value given","file":"C:\\xampp\\htdocs\\cbanovo.904.ag\\wp-includes\\class-wp-hook.php","line":308}

Aug 14 2023 15:38:30
{"type":2,"message":"qirolab_posts_where(): Argument #2 ($wp_query) must be passed by reference, value given","file":"C:\\xampp\\htdocs\\cbanovo.904.ag\\wp-includes\\class-wp-hook.php","line":308}

Aug 14 2023 15:38:31
{"type":2,"message":"qirolab_posts_where(): Argument #2 ($wp_query) must be passed by reference, value given","file":"C:\\xampp\\htdocs\\cbanovo.904.ag\\wp-includes\\class-wp-hook.php","line":308}

Aug 14 2023 15:38:33
{"type":2,"message":"qirolab_posts_where(): Argument #2 ($wp_query) must be passed by reference, value given","file":"C:\\xampp\\htdocs\\cbanovo.904.ag\\wp-includes\\class-wp-hook.php","line":308}

Aug 14 2023 15:38:35
{"type":2,"message":"qirolab_posts_where(): Argument #2 ($wp_query) must be passed by reference, value given","file":"C:\\xampp\\htdocs\\cbanovo.904.ag\\wp-includes\\class-wp-hook.php","line":308}

Aug 14 2023 15:38:37
{"type":2,"message":"qirolab_posts_where(): Argument #2 ($wp_query) must be passed by reference, value given","file":"C:\\xampp\\htdocs\\cbanovo.904.ag\\wp-includes\\class-wp-hook.php","line":308}

Aug 15 2023 12:03:27
{"type":2,"message":"qirolab_posts_where(): Argument #2 ($wp_query) must be passed by reference, value given","file":"C:\\xampp\\htdocs\\cbanovo.904.ag\\wp-includes\\class-wp-hook.php","line":308}

Aug 15 2023 12:03:28
{"type":2,"message":"qirolab_posts_where(): Argument #2 ($wp_query) must be passed by reference, value given","file":"C:\\xampp\\htdocs\\cbanovo.904.ag\\wp-includes\\class-wp-hook.php","line":308}

Aug 15 2023 12:03:30
{"type":2,"message":"qirolab_posts_where(): Argument #2 ($wp_query) must be passed by reference, value given","file":"C:\\xampp\\htdocs\\cbanovo.904.ag\\wp-includes\\class-wp-hook.php","line":308}

Aug 15 2023 12:03:31
{"type":2,"message":"qirolab_posts_where(): Argument #2 ($wp_query) must be passed by reference, value given","file":"C:\\xampp\\htdocs\\cbanovo.904.ag\\wp-includes\\class-wp-hook.php","line":308}

Aug 15 2023 12:03:33
{"type":2,"message":"qirolab_posts_where(): Argument #2 ($wp_query) must be passed by reference, value given","file":"C:\\xampp\\htdocs\\cbanovo.904.ag\\wp-includes\\class-wp-hook.php","line":308}

Aug 15 2023 12:07:20
{"type":2,"message":"qirolab_posts_where(): Argument #2 ($wp_query) must be passed by reference, value given","file":"C:\\xampp\\htdocs\\cbanovo.904.ag\\wp-includes\\class-wp-hook.php","line":308}

Aug 15 2023 12:07:21
{"type":2,"message":"qirolab_posts_where(): Argument #2 ($wp_query) must be passed by reference, value given","file":"C:\\xampp\\htdocs\\cbanovo.904.ag\\wp-includes\\class-wp-hook.php","line":308}

Aug 15 2023 12:07:22
{"type":2,"message":"qirolab_posts_where(): Argument #2 ($wp_query) must be passed by reference, value given","file":"C:\\xampp\\htdocs\\cbanovo.904.ag\\wp-includes\\class-wp-hook.php","line":308}

Aug 15 2023 12:07:26
{"type":2,"message":"qirolab_posts_where(): Argument #2 ($wp_query) must be passed by reference, value given","file":"C:\\xampp\\htdocs\\cbanovo.904.ag\\wp-includes\\class-wp-hook.php","line":308}

Aug 15 2023 12:07:31
{"type":2,"message":"qirolab_posts_where(): Argument #2 ($wp_query) must be passed by reference, value given","file":"C:\\xampp\\htdocs\\cbanovo.904.ag\\wp-includes\\class-wp-hook.php","line":308}

Aug 15 2023 12:07:33
{"type":2,"message":"qirolab_posts_where(): Argument #2 ($wp_query) must be passed by reference, value given","file":"C:\\xampp\\htdocs\\cbanovo.904.ag\\wp-includes\\class-wp-hook.php","line":308}

Aug 15 2023 12:07:36
{"type":2,"message":"qirolab_posts_where(): Argument #2 ($wp_query) must be passed by reference, value given","file":"C:\\xampp\\htdocs\\cbanovo.904.ag\\wp-includes\\class-wp-hook.php","line":308}

Aug 15 2023 12:07:37
{"type":2,"message":"qirolab_posts_where(): Argument #2 ($wp_query) must be passed by reference, value given","file":"C:\\xampp\\htdocs\\cbanovo.904.ag\\wp-includes\\class-wp-hook.php","line":308}

Aug 15 2023 12:07:38
{"type":2,"message":"qirolab_posts_where(): Argument #2 ($wp_query) must be passed by reference, value given","file":"C:\\xampp\\htdocs\\cbanovo.904.ag\\wp-includes\\class-wp-hook.php","line":308}

Aug 15 2023 12:07:39
{"type":2,"message":"qirolab_posts_where(): Argument #2 ($wp_query) must be passed by reference, value given","file":"C:\\xampp\\htdocs\\cbanovo.904.ag\\wp-includes\\class-wp-hook.php","line":308}

Aug 15 2023 12:07:40
{"Number":8192,"Message":"rtrim(): Passing null to parameter #1 ($string) of type string is deprecated","File":"C:\\xampp\\htdocs\\cbanovo.904.ag\\wp-includes\\formatting.php","Line":2809}

Aug 15 2023 12:07:40
{"Number":8192,"Message":"rtrim(): Passing null to parameter #1 ($string) of type string is deprecated","File":"C:\\xampp\\htdocs\\cbanovo.904.ag\\wp-includes\\formatting.php","Line":2809}

Aug 15 2023 12:07:40
{"Number":8192,"Message":"rtrim(): Passing null to parameter #1 ($string) of type string is deprecated","File":"C:\\xampp\\htdocs\\cbanovo.904.ag\\wp-includes\\formatting.php","Line":2809}

Aug 15 2023 12:07:40
{"Number":8192,"Message":"rtrim(): Passing null to parameter #1 ($string) of type string is deprecated","File":"C:\\xampp\\htdocs\\cbanovo.904.ag\\wp-includes\\formatting.php","Line":2809}

Aug 15 2023 12:07:40
{"Number":8192,"Message":"rtrim(): Passing null to parameter #1 ($string) of type string is deprecated","File":"C:\\xampp\\htdocs\\cbanovo.904.ag\\wp-includes\\formatting.php","Line":2809}

Aug 15 2023 12:07:40
{"Number":8192,"Message":"rtrim(): Passing null to parameter #1 ($string) of type string is deprecated","File":"C:\\xampp\\htdocs\\cbanovo.904.ag\\wp-includes\\formatting.php","Line":2809}

Aug 15 2023 12:07:40
{"Number":8192,"Message":"rtrim(): Passing null to parameter #1 ($string) of type string is deprecated","File":"C:\\xampp\\htdocs\\cbanovo.904.ag\\wp-includes\\formatting.php","Line":2809}

Aug 15 2023 12:07:40
{"Number":8192,"Message":"rtrim(): Passing null to parameter #1 ($string) of type string is deprecated","File":"C:\\xampp\\htdocs\\cbanovo.904.ag\\wp-includes\\formatting.php","Line":2809}

Aug 15 2023 12:07:40
{"Number":8192,"Message":"rtrim(): Passing null to parameter #1 ($string) of type string is deprecated","File":"C:\\xampp\\htdocs\\cbanovo.904.ag\\wp-includes\\formatting.php","Line":2809}

Aug 15 2023 12:07:40
{"Number":8192,"Message":"rtrim(): Passing null to parameter #1 ($string) of type string is deprecated","File":"C:\\xampp\\htdocs\\cbanovo.904.ag\\wp-includes\\formatting.php","Line":2809}

Aug 15 2023 12:07:40
{"Number":8192,"Message":"rtrim(): Passing null to parameter #1 ($string) of type string is deprecated","File":"C:\\xampp\\htdocs\\cbanovo.904.ag\\wp-includes\\formatting.php","Line":2809}

Aug 15 2023 12:07:40
{"Number":8192,"Message":"rtrim(): Passing null to parameter #1 ($string) of type string is deprecated","File":"C:\\xampp\\htdocs\\cbanovo.904.ag\\wp-includes\\formatting.php","Line":2809}

Aug 15 2023 12:07:40
{"Number":8192,"Message":"rtrim(): Passing null to parameter #1 ($string) of type string is deprecated","File":"C:\\xampp\\htdocs\\cbanovo.904.ag\\wp-includes\\formatting.php","Line":2809}

Aug 15 2023 12:07:40
{"Number":8192,"Message":"rtrim(): Passing null to parameter #1 ($string) of type string is deprecated","File":"C:\\xampp\\htdocs\\cbanovo.904.ag\\wp-includes\\formatting.php","Line":2809}

Aug 15 2023 12:07:40
{"Number":8192,"Message":"rtrim(): Passing null to parameter #1 ($string) of type string is deprecated","File":"C:\\xampp\\htdocs\\cbanovo.904.ag\\wp-includes\\formatting.php","Line":2809}

Aug 15 2023 12:07:40
{"Number":8192,"Message":"rtrim(): Passing null to parameter #1 ($string) of type string is deprecated","File":"C:\\xampp\\htdocs\\cbanovo.904.ag\\wp-includes\\formatting.php","Line":2809}

Aug 15 2023 12:07:40
{"Number":8192,"Message":"rtrim(): Passing null to parameter #1 ($string) of type string is deprecated","File":"C:\\xampp\\htdocs\\cbanovo.904.ag\\wp-includes\\formatting.php","Line":2809}

Aug 15 2023 12:07:40
{"Number":8192,"Message":"rtrim(): Passing null to parameter #1 ($string) of type string is deprecated","File":"C:\\xampp\\htdocs\\cbanovo.904.ag\\wp-includes\\formatting.php","Line":2809}

Aug 15 2023 12:07:40
{"Number":8192,"Message":"rtrim(): Passing null to parameter #1 ($string) of type string is deprecated","File":"C:\\xampp\\htdocs\\cbanovo.904.ag\\wp-includes\\formatting.php","Line":2809}

Aug 15 2023 12:07:40
{"Number":8192,"Message":"rtrim(): Passing null to parameter #1 ($string) of type string is deprecated","File":"C:\\xampp\\htdocs\\cbanovo.904.ag\\wp-includes\\formatting.php","Line":2809}

Aug 15 2023 12:07:40
{"Number":8192,"Message":"rtrim(): Passing null to parameter #1 ($string) of type string is deprecated","File":"C:\\xampp\\htdocs\\cbanovo.904.ag\\wp-includes\\formatting.php","Line":2809}

Aug 15 2023 12:07:40
{"Number":8192,"Message":"rtrim(): Passing null to parameter #1 ($string) of type string is deprecated","File":"C:\\xampp\\htdocs\\cbanovo.904.ag\\wp-includes\\formatting.php","Line":2809}

Aug 15 2023 12:07:40
{"Number":8192,"Message":"rtrim(): Passing null to parameter #1 ($string) of type string is deprecated","File":"C:\\xampp\\htdocs\\cbanovo.904.ag\\wp-includes\\formatting.php","Line":2809}

Aug 15 2023 12:07:40
{"Number":8192,"Message":"rtrim(): Passing null to parameter #1 ($string) of type string is deprecated","File":"C:\\xampp\\htdocs\\cbanovo.904.ag\\wp-includes\\formatting.php","Line":2809}

Aug 15 2023 12:07:41
{"type":2,"message":"qirolab_posts_where(): Argument #2 ($wp_query) must be passed by reference, value given","file":"C:\\xampp\\htdocs\\cbanovo.904.ag\\wp-includes\\class-wp-hook.php","line":308}

Aug 15 2023 12:07:45
{"type":2,"message":"qirolab_posts_where(): Argument #2 ($wp_query) must be passed by reference, value given","file":"C:\\xampp\\htdocs\\cbanovo.904.ag\\wp-includes\\class-wp-hook.php","line":308}

Aug 15 2023 12:07:45
{"type":2,"message":"Constant INSERT_CODE already defined","file":"C:\\xampp\\htdocs\\cbanovo.904.ag\\wp-content\\plugins\\all-in-one-wp-migration-unlimited-extension\\class.plugin-modules.php","line":494}

Aug 15 2023 12:07:45
{"type":2,"message":"Constant INSERT_CODE already defined","file":"C:\\xampp\\htdocs\\cbanovo.904.ag\\wp-content\\plugins\\all-in-one-wp-migration-unlimited-extension\\class.plugin-modules.php","line":494}

Aug 15 2023 12:07:46
{"type":2,"message":"Constant INSERT_CODE already defined","file":"C:\\xampp\\htdocs\\cbanovo.904.ag\\wp-content\\plugins\\all-in-one-wp-migration-unlimited-extension\\class.plugin-modules.php","line":494}

Aug 15 2023 12:07:50
{"type":2,"message":"qirolab_posts_where(): Argument #2 ($wp_query) must be passed by reference, value given","file":"C:\\xampp\\htdocs\\cbanovo.904.ag\\wp-includes\\class-wp-hook.php","line":308}

Aug 15 2023 12:07:50
{"type":2,"message":"qirolab_posts_where(): Argument #2 ($wp_query) must be passed by reference, value given","file":"C:\\xampp\\htdocs\\cbanovo.904.ag\\wp-includes\\class-wp-hook.php","line":308}

Aug 16 2023 20:36:52
{"type":2,"message":"qirolab_posts_where(): Argument #2 ($wp_query) must be passed by reference, value given","file":"C:\\xampp\\htdocs\\cbanovo.904.ag\\wp-includes\\class-wp-hook.php","line":308}

Aug 16 2023 20:36:54
{"type":2,"message":"qirolab_posts_where(): Argument #2 ($wp_query) must be passed by reference, value given","file":"C:\\xampp\\htdocs\\cbanovo.904.ag\\wp-includes\\class-wp-hook.php","line":308}

Aug 16 2023 20:36:54
{"type":2,"message":"qirolab_posts_where(): Argument #2 ($wp_query) must be passed by reference, value given","file":"C:\\xampp\\htdocs\\cbanovo.904.ag\\wp-includes\\class-wp-hook.php","line":308}

Aug 16 2023 20:36:55
{"type":2,"message":"qirolab_posts_where(): Argument #2 ($wp_query) must be passed by reference, value given","file":"C:\\xampp\\htdocs\\cbanovo.904.ag\\wp-includes\\class-wp-hook.php","line":308}

Aug 16 2023 20:36:59
{"type":2,"message":"qirolab_posts_where(): Argument #2 ($wp_query) must be passed by reference, value given","file":"C:\\xampp\\htdocs\\cbanovo.904.ag\\wp-includes\\class-wp-hook.php","line":308}

Aug 16 2023 20:37:07
{"type":2,"message":"qirolab_posts_where(): Argument #2 ($wp_query) must be passed by reference, value given","file":"C:\\xampp\\htdocs\\cbanovo.904.ag\\wp-includes\\class-wp-hook.php","line":308}

Aug 16 2023 20:37:09
{"type":2,"message":"qirolab_posts_where(): Argument #2 ($wp_query) must be passed by reference, value given","file":"C:\\xampp\\htdocs\\cbanovo.904.ag\\wp-includes\\class-wp-hook.php","line":308}

Aug 16 2023 20:37:09
{"type":2,"message":"qirolab_posts_where(): Argument #2 ($wp_query) must be passed by reference, value given","file":"C:\\xampp\\htdocs\\cbanovo.904.ag\\wp-includes\\class-wp-hook.php","line":308}

Aug 16 2023 20:37:13
{"type":2,"message":"qirolab_posts_where(): Argument #2 ($wp_query) must be passed by reference, value given","file":"C:\\xampp\\htdocs\\cbanovo.904.ag\\wp-includes\\class-wp-hook.php","line":308}

Aug 16 2023 20:37:18
{"type":2,"message":"qirolab_posts_where(): Argument #2 ($wp_query) must be passed by reference, value given","file":"C:\\xampp\\htdocs\\cbanovo.904.ag\\wp-includes\\class-wp-hook.php","line":308}

Aug 16 2023 20:37:19
{"type":2,"message":"qirolab_posts_where(): Argument #2 ($wp_query) must be passed by reference, value given","file":"C:\\xampp\\htdocs\\cbanovo.904.ag\\wp-includes\\class-wp-hook.php","line":308}

Aug 16 2023 20:37:21
{"type":2,"message":"qirolab_posts_where(): Argument #2 ($wp_query) must be passed by reference, value given","file":"C:\\xampp\\htdocs\\cbanovo.904.ag\\wp-includes\\class-wp-hook.php","line":308}

Aug 16 2023 20:37:22
{"type":2,"message":"qirolab_posts_where(): Argument #2 ($wp_query) must be passed by reference, value given","file":"C:\\xampp\\htdocs\\cbanovo.904.ag\\wp-includes\\class-wp-hook.php","line":308}

Aug 16 2023 20:37:23
{"type":2,"message":"qirolab_posts_where(): Argument #2 ($wp_query) must be passed by reference, value given","file":"C:\\xampp\\htdocs\\cbanovo.904.ag\\wp-includes\\class-wp-hook.php","line":308}

Aug 16 2023 20:37:25
{"Number":8192,"Message":"rtrim(): Passing null to parameter #1 ($string) of type string is deprecated","File":"C:\\xampp\\htdocs\\cbanovo.904.ag\\wp-includes\\formatting.php","Line":2809}

Aug 16 2023 20:37:25
{"Number":8192,"Message":"rtrim(): Passing null to parameter #1 ($string) of type string is deprecated","File":"C:\\xampp\\htdocs\\cbanovo.904.ag\\wp-includes\\formatting.php","Line":2809}

Aug 16 2023 20:37:25
{"Number":8192,"Message":"rtrim(): Passing null to parameter #1 ($string) of type string is deprecated","File":"C:\\xampp\\htdocs\\cbanovo.904.ag\\wp-includes\\formatting.php","Line":2809}

Aug 16 2023 20:37:25
{"Number":8192,"Message":"rtrim(): Passing null to parameter #1 ($string) of type string is deprecated","File":"C:\\xampp\\htdocs\\cbanovo.904.ag\\wp-includes\\formatting.php","Line":2809}

Aug 16 2023 20:37:25
{"Number":8192,"Message":"rtrim(): Passing null to parameter #1 ($string) of type string is deprecated","File":"C:\\xampp\\htdocs\\cbanovo.904.ag\\wp-includes\\formatting.php","Line":2809}

Aug 16 2023 20:37:25
{"Number":8192,"Message":"rtrim(): Passing null to parameter #1 ($string) of type string is deprecated","File":"C:\\xampp\\htdocs\\cbanovo.904.ag\\wp-includes\\formatting.php","Line":2809}

Aug 16 2023 20:37:25
{"Number":8192,"Message":"rtrim(): Passing null to parameter #1 ($string) of type string is deprecated","File":"C:\\xampp\\htdocs\\cbanovo.904.ag\\wp-includes\\formatting.php","Line":2809}

Aug 16 2023 20:37:25
{"Number":8192,"Message":"rtrim(): Passing null to parameter #1 ($string) of type string is deprecated","File":"C:\\xampp\\htdocs\\cbanovo.904.ag\\wp-includes\\formatting.php","Line":2809}

Aug 16 2023 20:37:25
{"Number":8192,"Message":"rtrim(): Passing null to parameter #1 ($string) of type string is deprecated","File":"C:\\xampp\\htdocs\\cbanovo.904.ag\\wp-includes\\formatting.php","Line":2809}

Aug 16 2023 20:37:25
{"Number":8192,"Message":"rtrim(): Passing null to parameter #1 ($string) of type string is deprecated","File":"C:\\xampp\\htdocs\\cbanovo.904.ag\\wp-includes\\formatting.php","Line":2809}

Aug 16 2023 20:37:25
{"Number":8192,"Message":"rtrim(): Passing null to parameter #1 ($string) of type string is deprecated","File":"C:\\xampp\\htdocs\\cbanovo.904.ag\\wp-includes\\formatting.php","Line":2809}

Aug 16 2023 20:37:25
{"Number":8192,"Message":"rtrim(): Passing null to parameter #1 ($string) of type string is deprecated","File":"C:\\xampp\\htdocs\\cbanovo.904.ag\\wp-includes\\formatting.php","Line":2809}

Aug 16 2023 20:37:25
{"Number":8192,"Message":"rtrim(): Passing null to parameter #1 ($string) of type string is deprecated","File":"C:\\xampp\\htdocs\\cbanovo.904.ag\\wp-includes\\formatting.php","Line":2809}

Aug 16 2023 20:37:25
{"Number":8192,"Message":"rtrim(): Passing null to parameter #1 ($string) of type string is deprecated","File":"C:\\xampp\\htdocs\\cbanovo.904.ag\\wp-includes\\formatting.php","Line":2809}

Aug 16 2023 20:37:25
{"Number":8192,"Message":"rtrim(): Passing null to parameter #1 ($string) of type string is deprecated","File":"C:\\xampp\\htdocs\\cbanovo.904.ag\\wp-includes\\formatting.php","Line":2809}

Aug 16 2023 20:37:25
{"Number":8192,"Message":"rtrim(): Passing null to parameter #1 ($string) of type string is deprecated","File":"C:\\xampp\\htdocs\\cbanovo.904.ag\\wp-includes\\formatting.php","Line":2809}

Aug 16 2023 20:37:25
{"Number":8192,"Message":"rtrim(): Passing null to parameter #1 ($string) of type string is deprecated","File":"C:\\xampp\\htdocs\\cbanovo.904.ag\\wp-includes\\formatting.php","Line":2809}

Aug 16 2023 20:37:25
{"Number":8192,"Message":"rtrim(): Passing null to parameter #1 ($string) of type string is deprecated","File":"C:\\xampp\\htdocs\\cbanovo.904.ag\\wp-includes\\formatting.php","Line":2809}

Aug 16 2023 20:37:25
{"Number":8192,"Message":"rtrim(): Passing null to parameter #1 ($string) of type string is deprecated","File":"C:\\xampp\\htdocs\\cbanovo.904.ag\\wp-includes\\formatting.php","Line":2809}

Aug 16 2023 20:37:25
{"Number":8192,"Message":"rtrim(): Passing null to parameter #1 ($string) of type string is deprecated","File":"C:\\xampp\\htdocs\\cbanovo.904.ag\\wp-includes\\formatting.php","Line":2809}

Aug 16 2023 20:37:25
{"Number":8192,"Message":"rtrim(): Passing null to parameter #1 ($string) of type string is deprecated","File":"C:\\xampp\\htdocs\\cbanovo.904.ag\\wp-includes\\formatting.php","Line":2809}

Aug 16 2023 20:37:25
{"Number":8192,"Message":"rtrim(): Passing null to parameter #1 ($string) of type string is deprecated","File":"C:\\xampp\\htdocs\\cbanovo.904.ag\\wp-includes\\formatting.php","Line":2809}

Aug 16 2023 20:37:25
{"Number":8192,"Message":"rtrim(): Passing null to parameter #1 ($string) of type string is deprecated","File":"C:\\xampp\\htdocs\\cbanovo.904.ag\\wp-includes\\formatting.php","Line":2809}

Aug 16 2023 20:37:25
{"Number":8192,"Message":"rtrim(): Passing null to parameter #1 ($string) of type string is deprecated","File":"C:\\xampp\\htdocs\\cbanovo.904.ag\\wp-includes\\formatting.php","Line":2809}

Aug 16 2023 20:37:27
{"type":2,"message":"qirolab_posts_where(): Argument #2 ($wp_query) must be passed by reference, value given","file":"C:\\xampp\\htdocs\\cbanovo.904.ag\\wp-includes\\class-wp-hook.php","line":308}

Aug 16 2023 20:37:32
{"type":2,"message":"qirolab_posts_where(): Argument #2 ($wp_query) must be passed by reference, value given","file":"C:\\xampp\\htdocs\\cbanovo.904.ag\\wp-includes\\class-wp-hook.php","line":308}

Aug 16 2023 20:37:33
{"type":2,"message":"Constant INSERT_CODE already defined","file":"C:\\xampp\\htdocs\\cbanovo.904.ag\\wp-content\\plugins\\all-in-one-wp-migration-unlimited-extension\\class.plugin-modules.php","line":494}

Aug 16 2023 20:37:33
{"type":2,"message":"Constant INSERT_CODE already defined","file":"C:\\xampp\\htdocs\\cbanovo.904.ag\\wp-content\\plugins\\all-in-one-wp-migration-unlimited-extension\\class.plugin-modules.php","line":494}

Aug 16 2023 20:37:34
{"type":2,"message":"Constant INSERT_CODE already defined","file":"C:\\xampp\\htdocs\\cbanovo.904.ag\\wp-content\\plugins\\all-in-one-wp-migration-unlimited-extension\\class.plugin-modules.php","line":494}

Aug 16 2023 20:37:34
{"type":2,"message":"Constant INSERT_CODE already defined","file":"C:\\xampp\\htdocs\\cbanovo.904.ag\\wp-content\\plugins\\all-in-one-wp-migration-unlimited-extension\\class.plugin-modules.php","line":494}

Aug 16 2023 20:37:36
{"type":2,"message":"qirolab_posts_where(): Argument #2 ($wp_query) must be passed by reference, value given","file":"C:\\xampp\\htdocs\\cbanovo.904.ag\\wp-includes\\class-wp-hook.php","line":308}

Aug 16 2023 20:37:38
{"type":2,"message":"qirolab_posts_where(): Argument #2 ($wp_query) must be passed by reference, value given","file":"C:\\xampp\\htdocs\\cbanovo.904.ag\\wp-includes\\class-wp-hook.php","line":308}

Aug 16 2023 20:50:22
{"type":2,"message":"qirolab_posts_where(): Argument #2 ($wp_query) must be passed by reference, value given","file":"C:\\xampp\\htdocs\\cbanovo.904.ag\\wp-includes\\class-wp-hook.php","line":308}

Aug 16 2023 20:50:27
{"type":2,"message":"qirolab_posts_where(): Argument #2 ($wp_query) must be passed by reference, value given","file":"C:\\xampp\\htdocs\\cbanovo.904.ag\\wp-includes\\class-wp-hook.php","line":308}

Aug 17 2023 10:55:26
{"type":2,"message":"qirolab_posts_where(): Argument #2 ($wp_query) must be passed by reference, value given","file":"C:\\xampp\\htdocs\\cbanovo.904.ag\\wp-includes\\class-wp-hook.php","line":308}

Aug 17 2023 10:55:30
{"Number":8192,"Message":"explode(): Passing null to parameter #2 ($string) of type string is deprecated","File":"C:\\xampp\\htdocs\\cbanovo.904.ag\\wp-content\\plugins\\all-in-one-wp-migration\\functions.php","Line":359}

Aug 17 2023 10:55:30
{"type":2,"message":"qirolab_posts_where(): Argument #2 ($wp_query) must be passed by reference, value given","file":"C:\\xampp\\htdocs\\cbanovo.904.ag\\wp-includes\\class-wp-hook.php","line":308}

Aug 17 2023 10:55:32
{"type":2,"message":"qirolab_posts_where(): Argument #2 ($wp_query) must be passed by reference, value given","file":"C:\\xampp\\htdocs\\cbanovo.904.ag\\wp-includes\\class-wp-hook.php","line":308}

Aug 17 2023 10:55:32
{"type":2,"message":"qirolab_posts_where(): Argument #2 ($wp_query) must be passed by reference, value given","file":"C:\\xampp\\htdocs\\cbanovo.904.ag\\wp-includes\\class-wp-hook.php","line":308}

Aug 17 2023 10:55:34
{"type":2,"message":"qirolab_posts_where(): Argument #2 ($wp_query) must be passed by reference, value given","file":"C:\\xampp\\htdocs\\cbanovo.904.ag\\wp-includes\\class-wp-hook.php","line":308}

Aug 17 2023 10:55:37
{"type":2,"message":"qirolab_posts_where(): Argument #2 ($wp_query) must be passed by reference, value given","file":"C:\\xampp\\htdocs\\cbanovo.904.ag\\wp-includes\\class-wp-hook.php","line":308}

Aug 17 2023 10:55:37
{"type":2,"message":"qirolab_posts_where(): Argument #2 ($wp_query) must be passed by reference, value given","file":"C:\\xampp\\htdocs\\cbanovo.904.ag\\wp-includes\\class-wp-hook.php","line":308}

Aug 17 2023 10:55:40
{"type":2,"message":"qirolab_posts_where(): Argument #2 ($wp_query) must be passed by reference, value given","file":"C:\\xampp\\htdocs\\cbanovo.904.ag\\wp-includes\\class-wp-hook.php","line":308}

Aug 17 2023 10:55:42
{"type":2,"message":"qirolab_posts_where(): Argument #2 ($wp_query) must be passed by reference, value given","file":"C:\\xampp\\htdocs\\cbanovo.904.ag\\wp-includes\\class-wp-hook.php","line":308}

Aug 17 2023 10:55:48
{"type":2,"message":"qirolab_posts_where(): Argument #2 ($wp_query) must be passed by reference, value given","file":"C:\\xampp\\htdocs\\cbanovo.904.ag\\wp-includes\\class-wp-hook.php","line":308}

Aug 17 2023 10:55:48
{"type":2,"message":"qirolab_posts_where(): Argument #2 ($wp_query) must be passed by reference, value given","file":"C:\\xampp\\htdocs\\cbanovo.904.ag\\wp-includes\\class-wp-hook.php","line":308}

Aug 17 2023 10:55:51
{"type":2,"message":"qirolab_posts_where(): Argument #2 ($wp_query) must be passed by reference, value given","file":"C:\\xampp\\htdocs\\cbanovo.904.ag\\wp-includes\\class-wp-hook.php","line":308}

Aug 17 2023 10:55:53
{"type":2,"message":"qirolab_posts_where(): Argument #2 ($wp_query) must be passed by reference, value given","file":"C:\\xampp\\htdocs\\cbanovo.904.ag\\wp-includes\\class-wp-hook.php","line":308}

Aug 17 2023 10:55:53
{"type":2,"message":"qirolab_posts_where(): Argument #2 ($wp_query) must be passed by reference, value given","file":"C:\\xampp\\htdocs\\cbanovo.904.ag\\wp-includes\\class-wp-hook.php","line":308}

Aug 17 2023 10:55:55
{"type":2,"message":"qirolab_posts_where(): Argument #2 ($wp_query) must be passed by reference, value given","file":"C:\\xampp\\htdocs\\cbanovo.904.ag\\wp-includes\\class-wp-hook.php","line":308}

Aug 17 2023 10:55:58
{"type":2,"message":"qirolab_posts_where(): Argument #2 ($wp_query) must be passed by reference, value given","file":"C:\\xampp\\htdocs\\cbanovo.904.ag\\wp-includes\\class-wp-hook.php","line":308}

Aug 17 2023 10:55:58
{"type":2,"message":"qirolab_posts_where(): Argument #2 ($wp_query) must be passed by reference, value given","file":"C:\\xampp\\htdocs\\cbanovo.904.ag\\wp-includes\\class-wp-hook.php","line":308}

Aug 17 2023 10:56:00
{"type":2,"message":"qirolab_posts_where(): Argument #2 ($wp_query) must be passed by reference, value given","file":"C:\\xampp\\htdocs\\cbanovo.904.ag\\wp-includes\\class-wp-hook.php","line":308}

Aug 17 2023 10:56:00
{"type":2,"message":"qirolab_posts_where(): Argument #2 ($wp_query) must be passed by reference, value given","file":"C:\\xampp\\htdocs\\cbanovo.904.ag\\wp-includes\\class-wp-hook.php","line":308}

Aug 17 2023 16:31:46
{"type":2,"message":"qirolab_posts_where(): Argument #2 ($wp_query) must be passed by reference, value given","file":"C:\\xampp\\htdocs\\cbanovo.904.ag\\wp-includes\\class-wp-hook.php","line":308}

Aug 17 2023 16:32:05
{"type":2,"message":"qirolab_posts_where(): Argument #2 ($wp_query) must be passed by reference, value given","file":"C:\\xampp\\htdocs\\cbanovo.904.ag\\wp-includes\\class-wp-hook.php","line":308}

Aug 17 2023 16:32:08
{"type":2,"message":"qirolab_posts_where(): Argument #2 ($wp_query) must be passed by reference, value given","file":"C:\\xampp\\htdocs\\cbanovo.904.ag\\wp-includes\\class-wp-hook.php","line":308}

Aug 17 2023 16:32:08
{"type":2,"message":"qirolab_posts_where(): Argument #2 ($wp_query) must be passed by reference, value given","file":"C:\\xampp\\htdocs\\cbanovo.904.ag\\wp-includes\\class-wp-hook.php","line":308}

Aug 17 2023 16:32:10
{"type":2,"message":"qirolab_posts_where(): Argument #2 ($wp_query) must be passed by reference, value given","file":"C:\\xampp\\htdocs\\cbanovo.904.ag\\wp-includes\\class-wp-hook.php","line":308}

Aug 17 2023 16:32:13
{"type":2,"message":"qirolab_posts_where(): Argument #2 ($wp_query) must be passed by reference, value given","file":"C:\\xampp\\htdocs\\cbanovo.904.ag\\wp-includes\\class-wp-hook.php","line":308}

Aug 17 2023 16:32:17
{"type":2,"message":"qirolab_posts_where(): Argument #2 ($wp_query) must be passed by reference, value given","file":"C:\\xampp\\htdocs\\cbanovo.904.ag\\wp-includes\\class-wp-hook.php","line":308}

Aug 17 2023 16:32:19
{"type":2,"message":"qirolab_posts_where(): Argument #2 ($wp_query) must be passed by reference, value given","file":"C:\\xampp\\htdocs\\cbanovo.904.ag\\wp-includes\\class-wp-hook.php","line":308}

Aug 17 2023 16:32:19
{"type":2,"message":"qirolab_posts_where(): Argument #2 ($wp_query) must be passed by reference, value given","file":"C:\\xampp\\htdocs\\cbanovo.904.ag\\wp-includes\\class-wp-hook.php","line":308}

Aug 17 2023 16:32:24
{"type":2,"message":"qirolab_posts_where(): Argument #2 ($wp_query) must be passed by reference, value given","file":"C:\\xampp\\htdocs\\cbanovo.904.ag\\wp-includes\\class-wp-hook.php","line":308}

Aug 17 2023 16:32:30
{"type":2,"message":"qirolab_posts_where(): Argument #2 ($wp_query) must be passed by reference, value given","file":"C:\\xampp\\htdocs\\cbanovo.904.ag\\wp-includes\\class-wp-hook.php","line":308}

Aug 17 2023 16:32:31
{"type":2,"message":"qirolab_posts_where(): Argument #2 ($wp_query) must be passed by reference, value given","file":"C:\\xampp\\htdocs\\cbanovo.904.ag\\wp-includes\\class-wp-hook.php","line":308}

Aug 17 2023 16:32:36
{"type":2,"message":"qirolab_posts_where(): Argument #2 ($wp_query) must be passed by reference, value given","file":"C:\\xampp\\htdocs\\cbanovo.904.ag\\wp-includes\\class-wp-hook.php","line":308}

Aug 17 2023 16:32:37
{"type":2,"message":"qirolab_posts_where(): Argument #2 ($wp_query) must be passed by reference, value given","file":"C:\\xampp\\htdocs\\cbanovo.904.ag\\wp-includes\\class-wp-hook.php","line":308}

Aug 17 2023 16:32:39
{"type":2,"message":"qirolab_posts_where(): Argument #2 ($wp_query) must be passed by reference, value given","file":"C:\\xampp\\htdocs\\cbanovo.904.ag\\wp-includes\\class-wp-hook.php","line":308}

Aug 17 2023 16:32:47
{"type":2,"message":"qirolab_posts_where(): Argument #2 ($wp_query) must be passed by reference, value given","file":"C:\\xampp\\htdocs\\cbanovo.904.ag\\wp-includes\\class-wp-hook.php","line":308}

Aug 17 2023 16:32:47
{"type":2,"message":"qirolab_posts_where(): Argument #2 ($wp_query) must be passed by reference, value given","file":"C:\\xampp\\htdocs\\cbanovo.904.ag\\wp-includes\\class-wp-hook.php","line":308}

Aug 17 2023 16:32:49
{"Number":8192,"Message":"rtrim(): Passing null to parameter #1 ($string) of type string is deprecated","File":"C:\\xampp\\htdocs\\cbanovo.904.ag\\wp-includes\\formatting.php","Line":2809}

Aug 17 2023 16:32:49
{"Number":8192,"Message":"rtrim(): Passing null to parameter #1 ($string) of type string is deprecated","File":"C:\\xampp\\htdocs\\cbanovo.904.ag\\wp-includes\\formatting.php","Line":2809}

Aug 17 2023 16:32:49
{"Number":8192,"Message":"rtrim(): Passing null to parameter #1 ($string) of type string is deprecated","File":"C:\\xampp\\htdocs\\cbanovo.904.ag\\wp-includes\\formatting.php","Line":2809}

Aug 17 2023 16:32:49
{"Number":8192,"Message":"rtrim(): Passing null to parameter #1 ($string) of type string is deprecated","File":"C:\\xampp\\htdocs\\cbanovo.904.ag\\wp-includes\\formatting.php","Line":2809}

Aug 17 2023 16:32:49
{"Number":8192,"Message":"rtrim(): Passing null to parameter #1 ($string) of type string is deprecated","File":"C:\\xampp\\htdocs\\cbanovo.904.ag\\wp-includes\\formatting.php","Line":2809}

Aug 17 2023 16:32:49
{"Number":8192,"Message":"rtrim(): Passing null to parameter #1 ($string) of type string is deprecated","File":"C:\\xampp\\htdocs\\cbanovo.904.ag\\wp-includes\\formatting.php","Line":2809}

Aug 17 2023 16:32:49
{"Number":8192,"Message":"rtrim(): Passing null to parameter #1 ($string) of type string is deprecated","File":"C:\\xampp\\htdocs\\cbanovo.904.ag\\wp-includes\\formatting.php","Line":2809}

Aug 17 2023 16:32:49
{"Number":8192,"Message":"rtrim(): Passing null to parameter #1 ($string) of type string is deprecated","File":"C:\\xampp\\htdocs\\cbanovo.904.ag\\wp-includes\\formatting.php","Line":2809}

Aug 17 2023 16:32:49
{"Number":8192,"Message":"rtrim(): Passing null to parameter #1 ($string) of type string is deprecated","File":"C:\\xampp\\htdocs\\cbanovo.904.ag\\wp-includes\\formatting.php","Line":2809}

Aug 17 2023 16:32:49
{"Number":8192,"Message":"rtrim(): Passing null to parameter #1 ($string) of type string is deprecated","File":"C:\\xampp\\htdocs\\cbanovo.904.ag\\wp-includes\\formatting.php","Line":2809}

Aug 17 2023 16:32:49
{"Number":8192,"Message":"rtrim(): Passing null to parameter #1 ($string) of type string is deprecated","File":"C:\\xampp\\htdocs\\cbanovo.904.ag\\wp-includes\\formatting.php","Line":2809}

Aug 17 2023 16:32:49
{"Number":8192,"Message":"rtrim(): Passing null to parameter #1 ($string) of type string is deprecated","File":"C:\\xampp\\htdocs\\cbanovo.904.ag\\wp-includes\\formatting.php","Line":2809}

Aug 17 2023 16:32:49
{"Number":8192,"Message":"rtrim(): Passing null to parameter #1 ($string) of type string is deprecated","File":"C:\\xampp\\htdocs\\cbanovo.904.ag\\wp-includes\\formatting.php","Line":2809}

Aug 17 2023 16:32:49
{"Number":8192,"Message":"rtrim(): Passing null to parameter #1 ($string) of type string is deprecated","File":"C:\\xampp\\htdocs\\cbanovo.904.ag\\wp-includes\\formatting.php","Line":2809}

Aug 17 2023 16:32:49
{"Number":8192,"Message":"rtrim(): Passing null to parameter #1 ($string) of type string is deprecated","File":"C:\\xampp\\htdocs\\cbanovo.904.ag\\wp-includes\\formatting.php","Line":2809}

Aug 17 2023 16:32:49
{"Number":8192,"Message":"rtrim(): Passing null to parameter #1 ($string) of type string is deprecated","File":"C:\\xampp\\htdocs\\cbanovo.904.ag\\wp-includes\\formatting.php","Line":2809}

Aug 17 2023 16:32:49
{"Number":8192,"Message":"rtrim(): Passing null to parameter #1 ($string) of type string is deprecated","File":"C:\\xampp\\htdocs\\cbanovo.904.ag\\wp-includes\\formatting.php","Line":2809}

Aug 17 2023 16:32:49
{"Number":8192,"Message":"rtrim(): Passing null to parameter #1 ($string) of type string is deprecated","File":"C:\\xampp\\htdocs\\cbanovo.904.ag\\wp-includes\\formatting.php","Line":2809}

Aug 17 2023 16:32:49
{"Number":8192,"Message":"rtrim(): Passing null to parameter #1 ($string) of type string is deprecated","File":"C:\\xampp\\htdocs\\cbanovo.904.ag\\wp-includes\\formatting.php","Line":2809}

Aug 17 2023 16:32:49
{"Number":8192,"Message":"rtrim(): Passing null to parameter #1 ($string) of type string is deprecated","File":"C:\\xampp\\htdocs\\cbanovo.904.ag\\wp-includes\\formatting.php","Line":2809}

Aug 17 2023 16:32:49
{"Number":8192,"Message":"rtrim(): Passing null to parameter #1 ($string) of type string is deprecated","File":"C:\\xampp\\htdocs\\cbanovo.904.ag\\wp-includes\\formatting.php","Line":2809}

Aug 17 2023 16:32:49
{"Number":8192,"Message":"rtrim(): Passing null to parameter #1 ($string) of type string is deprecated","File":"C:\\xampp\\htdocs\\cbanovo.904.ag\\wp-includes\\formatting.php","Line":2809}

Aug 17 2023 16:32:49
{"Number":8192,"Message":"rtrim(): Passing null to parameter #1 ($string) of type string is deprecated","File":"C:\\xampp\\htdocs\\cbanovo.904.ag\\wp-includes\\formatting.php","Line":2809}

Aug 17 2023 16:32:49
{"Number":8192,"Message":"rtrim(): Passing null to parameter #1 ($string) of type string is deprecated","File":"C:\\xampp\\htdocs\\cbanovo.904.ag\\wp-includes\\formatting.php","Line":2809}

Aug 17 2023 16:32:51
{"type":1,"message":"Uncaught TypeError: Cannot assign null to property mysqli_result::$current_field of type int in C:\\xampp\\htdocs\\cbanovo.904.ag\\wp-content\\plugins\\all-in-one-wp-migration\\lib\\vendor\\servmask\\database\\class-ai1wm-database-utility.php:64\nStack trace:\n#0 C:\\xampp\\htdocs\\cbanovo.904.ag\\wp-content\\plugins\\all-in-one-wp-migration\\lib\\vendor\\servmask\\database\\class-ai1wm-database-utility.php(64): unserialize('O:18:\"PMXI_Impo...')\n#1 C:\\xampp\\htdocs\\cbanovo.904.ag\\wp-content\\plugins\\all-in-one-wp-migration\\lib\\vendor\\servmask\\database\\class-ai1wm-database-utility.php(69): Ai1wm_Database_Utility::replace_serialized_values(Array, Array, 'O:18:\"PMXI_Impo...', false)\n#2 C:\\xampp\\htdocs\\cbanovo.904.ag\\wp-content\\plugins\\all-in-one-wp-migration\\lib\\vendor\\servmask\\database\\class-ai1wm-database-utility.php(65): Ai1wm_Database_Utility::replace_serialized_values(Array, Array, Array, true)\n#3 C:\\xampp\\htdocs\\cbanovo.904.ag\\wp-content\\plugins\\all-in-one-wp-migration\\lib\\vendor\\servmask\\database\\class-ai1wm-database.php(1403): Ai1wm_Database_Utility::replace_serialized_values(Array, Array, 'a:41:{s:8:\"file...')\n#4 [internal function]: Ai1wm_Database->replace_table_values_callback(Array)\n#5 C:\\xampp\\htdocs\\cbanovo.904.ag\\wp-content\\plugins\\all-in-one-wp-migration\\lib\\vendor\\servmask\\database\\class-ai1wm-database.php(1338): preg_replace_callback('\/'(.*?)(?<!\\\\\\\\)'...', Array, 'INSERT INTO `wp...')\n#6 C:\\xampp\\htdocs\\cbanovo.904.ag\\wp-content\\plugins\\all-in-one-wp-migration\\lib\\vendor\\servmask\\database\\class-ai1wm-database.php(927): Ai1wm_Database->replace_table_values('INSERT INTO `wp...')\n#7 C:\\xampp\\htdocs\\cbanovo.904.ag\\wp-content\\plugins\\all-in-one-wp-migration\\lib\\model\\import\\class-ai1wm-import-database.php(794): Ai1wm_Database->import('C:\\\\xampp\\\\htdocs...', 2127514)\n#8 C:\\xampp\\htdocs\\cbanovo.904.ag\\wp-content\\plugins\\all-in-one-wp-migration\\lib\\controller\\class-ai1wm-import-controller.php(70): Ai1wm_Import_Database::execute(Array)\n#9 C:\\xampp\\htdocs\\cbanovo.904.ag\\wp-includes\\class-wp-hook.php(308): Ai1wm_Import_Controller::import(Array)\n#10 C:\\xampp\\htdocs\\cbanovo.904.ag\\wp-includes\\class-wp-hook.php(332): WP_Hook->apply_filters('', Array)\n#11 C:\\xampp\\htdocs\\cbanovo.904.ag\\wp-includes\\plugin.php(517): WP_Hook->do_action(Array)\n#12 C:\\xampp\\htdocs\\cbanovo.904.ag\\wp-admin\\admin-ajax.php(188): do_action('wp_ajax_ai1wm_i...')\n#13 {main}\n  thrown","file":"C:\\xampp\\htdocs\\cbanovo.904.ag\\wp-content\\plugins\\all-in-one-wp-migration\\lib\\vendor\\servmask\\database\\class-ai1wm-database-utility.php","line":64}

Aug 17 2023 16:32:53
{"type":2,"message":"qirolab_posts_where(): Argument #2 ($wp_query) must be passed by reference, value given","file":"C:\\xampp\\htdocs\\cbanovo.904.ag\\wp-includes\\class-wp-hook.php","line":308}

Aug 17 2023 17:47:15
{"type":2,"message":"qirolab_posts_where(): Argument #2 ($wp_query) must be passed by reference, value given","file":"C:\\xampp\\htdocs\\cbanovo.904.ag\\wp-includes\\class-wp-hook.php","line":308}

Aug 17 2023 17:47:17
{"type":2,"message":"qirolab_posts_where(): Argument #2 ($wp_query) must be passed by reference, value given","file":"C:\\xampp\\htdocs\\cbanovo.904.ag\\wp-includes\\class-wp-hook.php","line":308}

Aug 17 2023 17:47:20
{"type":2,"message":"qirolab_posts_where(): Argument #2 ($wp_query) must be passed by reference, value given","file":"C:\\xampp\\htdocs\\cbanovo.904.ag\\wp-includes\\class-wp-hook.php","line":308}

Aug 17 2023 17:47:23
{"type":2,"message":"qirolab_posts_where(): Argument #2 ($wp_query) must be passed by reference, value given","file":"C:\\xampp\\htdocs\\cbanovo.904.ag\\wp-includes\\class-wp-hook.php","line":308}

Aug 17 2023 17:47:23
{"type":2,"message":"qirolab_posts_where(): Argument #2 ($wp_query) must be passed by reference, value given","file":"C:\\xampp\\htdocs\\cbanovo.904.ag\\wp-includes\\class-wp-hook.php","line":308}

Aug 17 2023 17:47:28
{"type":2,"message":"qirolab_posts_where(): Argument #2 ($wp_query) must be passed by reference, value given","file":"C:\\xampp\\htdocs\\cbanovo.904.ag\\wp-includes\\class-wp-hook.php","line":308}

Aug 17 2023 17:47:32
{"type":2,"message":"qirolab_posts_where(): Argument #2 ($wp_query) must be passed by reference, value given","file":"C:\\xampp\\htdocs\\cbanovo.904.ag\\wp-includes\\class-wp-hook.php","line":308}

Aug 17 2023 17:47:34
{"type":2,"message":"qirolab_posts_where(): Argument #2 ($wp_query) must be passed by reference, value given","file":"C:\\xampp\\htdocs\\cbanovo.904.ag\\wp-includes\\class-wp-hook.php","line":308}

Aug 17 2023 17:47:34
{"type":2,"message":"qirolab_posts_where(): Argument #2 ($wp_query) must be passed by reference, value given","file":"C:\\xampp\\htdocs\\cbanovo.904.ag\\wp-includes\\class-wp-hook.php","line":308}

Aug 17 2023 17:47:39
{"type":2,"message":"qirolab_posts_where(): Argument #2 ($wp_query) must be passed by reference, value given","file":"C:\\xampp\\htdocs\\cbanovo.904.ag\\wp-includes\\class-wp-hook.php","line":308}

Aug 17 2023 17:47:45
{"type":2,"message":"qirolab_posts_where(): Argument #2 ($wp_query) must be passed by reference, value given","file":"C:\\xampp\\htdocs\\cbanovo.904.ag\\wp-includes\\class-wp-hook.php","line":308}

Aug 17 2023 17:47:47
{"type":2,"message":"qirolab_posts_where(): Argument #2 ($wp_query) must be passed by reference, value given","file":"C:\\xampp\\htdocs\\cbanovo.904.ag\\wp-includes\\class-wp-hook.php","line":308}

Aug 17 2023 17:47:51
{"type":2,"message":"qirolab_posts_where(): Argument #2 ($wp_query) must be passed by reference, value given","file":"C:\\xampp\\htdocs\\cbanovo.904.ag\\wp-includes\\class-wp-hook.php","line":308}

Aug 17 2023 17:47:54
{"type":2,"message":"qirolab_posts_where(): Argument #2 ($wp_query) must be passed by reference, value given","file":"C:\\xampp\\htdocs\\cbanovo.904.ag\\wp-includes\\class-wp-hook.php","line":308}

Aug 17 2023 17:47:57
{"type":2,"message":"qirolab_posts_where(): Argument #2 ($wp_query) must be passed by reference, value given","file":"C:\\xampp\\htdocs\\cbanovo.904.ag\\wp-includes\\class-wp-hook.php","line":308}

Aug 17 2023 17:47:57
{"type":2,"message":"qirolab_posts_where(): Argument #2 ($wp_query) must be passed by reference, value given","file":"C:\\xampp\\htdocs\\cbanovo.904.ag\\wp-includes\\class-wp-hook.php","line":308}

Aug 17 2023 17:47:59
{"type":2,"message":"qirolab_posts_where(): Argument #2 ($wp_query) must be passed by reference, value given","file":"C:\\xampp\\htdocs\\cbanovo.904.ag\\wp-includes\\class-wp-hook.php","line":308}

Aug 17 2023 17:48:02
{"Number":8192,"Message":"rtrim(): Passing null to parameter #1 ($string) of type string is deprecated","File":"C:\\xampp\\htdocs\\cbanovo.904.ag\\wp-includes\\formatting.php","Line":2809}

Aug 17 2023 17:48:02
{"Number":8192,"Message":"rtrim(): Passing null to parameter #1 ($string) of type string is deprecated","File":"C:\\xampp\\htdocs\\cbanovo.904.ag\\wp-includes\\formatting.php","Line":2809}

Aug 17 2023 17:48:02
{"Number":8192,"Message":"rtrim(): Passing null to parameter #1 ($string) of type string is deprecated","File":"C:\\xampp\\htdocs\\cbanovo.904.ag\\wp-includes\\formatting.php","Line":2809}

Aug 17 2023 17:48:02
{"Number":8192,"Message":"rtrim(): Passing null to parameter #1 ($string) of type string is deprecated","File":"C:\\xampp\\htdocs\\cbanovo.904.ag\\wp-includes\\formatting.php","Line":2809}

Aug 17 2023 17:48:02
{"Number":8192,"Message":"rtrim(): Passing null to parameter #1 ($string) of type string is deprecated","File":"C:\\xampp\\htdocs\\cbanovo.904.ag\\wp-includes\\formatting.php","Line":2809}

Aug 17 2023 17:48:02
{"Number":8192,"Message":"rtrim(): Passing null to parameter #1 ($string) of type string is deprecated","File":"C:\\xampp\\htdocs\\cbanovo.904.ag\\wp-includes\\formatting.php","Line":2809}

Aug 17 2023 17:48:02
{"Number":8192,"Message":"rtrim(): Passing null to parameter #1 ($string) of type string is deprecated","File":"C:\\xampp\\htdocs\\cbanovo.904.ag\\wp-includes\\formatting.php","Line":2809}

Aug 17 2023 17:48:02
{"Number":8192,"Message":"rtrim(): Passing null to parameter #1 ($string) of type string is deprecated","File":"C:\\xampp\\htdocs\\cbanovo.904.ag\\wp-includes\\formatting.php","Line":2809}

Aug 17 2023 17:48:02
{"Number":8192,"Message":"rtrim(): Passing null to parameter #1 ($string) of type string is deprecated","File":"C:\\xampp\\htdocs\\cbanovo.904.ag\\wp-includes\\formatting.php","Line":2809}

Aug 17 2023 17:48:02
{"Number":8192,"Message":"rtrim(): Passing null to parameter #1 ($string) of type string is deprecated","File":"C:\\xampp\\htdocs\\cbanovo.904.ag\\wp-includes\\formatting.php","Line":2809}

Aug 17 2023 17:48:02
{"Number":8192,"Message":"rtrim(): Passing null to parameter #1 ($string) of type string is deprecated","File":"C:\\xampp\\htdocs\\cbanovo.904.ag\\wp-includes\\formatting.php","Line":2809}

Aug 17 2023 17:48:02
{"Number":8192,"Message":"rtrim(): Passing null to parameter #1 ($string) of type string is deprecated","File":"C:\\xampp\\htdocs\\cbanovo.904.ag\\wp-includes\\formatting.php","Line":2809}

Aug 17 2023 17:48:02
{"Number":8192,"Message":"rtrim(): Passing null to parameter #1 ($string) of type string is deprecated","File":"C:\\xampp\\htdocs\\cbanovo.904.ag\\wp-includes\\formatting.php","Line":2809}

Aug 17 2023 17:48:02
{"Number":8192,"Message":"rtrim(): Passing null to parameter #1 ($string) of type string is deprecated","File":"C:\\xampp\\htdocs\\cbanovo.904.ag\\wp-includes\\formatting.php","Line":2809}

Aug 17 2023 17:48:02
{"Number":8192,"Message":"rtrim(): Passing null to parameter #1 ($string) of type string is deprecated","File":"C:\\xampp\\htdocs\\cbanovo.904.ag\\wp-includes\\formatting.php","Line":2809}

Aug 17 2023 17:48:02
{"Number":8192,"Message":"rtrim(): Passing null to parameter #1 ($string) of type string is deprecated","File":"C:\\xampp\\htdocs\\cbanovo.904.ag\\wp-includes\\formatting.php","Line":2809}

Aug 17 2023 17:48:02
{"Number":8192,"Message":"rtrim(): Passing null to parameter #1 ($string) of type string is deprecated","File":"C:\\xampp\\htdocs\\cbanovo.904.ag\\wp-includes\\formatting.php","Line":2809}

Aug 17 2023 17:48:02
{"Number":8192,"Message":"rtrim(): Passing null to parameter #1 ($string) of type string is deprecated","File":"C:\\xampp\\htdocs\\cbanovo.904.ag\\wp-includes\\formatting.php","Line":2809}

Aug 17 2023 17:48:02
{"Number":8192,"Message":"rtrim(): Passing null to parameter #1 ($string) of type string is deprecated","File":"C:\\xampp\\htdocs\\cbanovo.904.ag\\wp-includes\\formatting.php","Line":2809}

Aug 17 2023 17:48:02
{"Number":8192,"Message":"rtrim(): Passing null to parameter #1 ($string) of type string is deprecated","File":"C:\\xampp\\htdocs\\cbanovo.904.ag\\wp-includes\\formatting.php","Line":2809}

Aug 17 2023 17:48:02
{"Number":8192,"Message":"rtrim(): Passing null to parameter #1 ($string) of type string is deprecated","File":"C:\\xampp\\htdocs\\cbanovo.904.ag\\wp-includes\\formatting.php","Line":2809}

Aug 17 2023 17:48:02
{"Number":8192,"Message":"rtrim(): Passing null to parameter #1 ($string) of type string is deprecated","File":"C:\\xampp\\htdocs\\cbanovo.904.ag\\wp-includes\\formatting.php","Line":2809}

Aug 17 2023 17:48:02
{"Number":8192,"Message":"rtrim(): Passing null to parameter #1 ($string) of type string is deprecated","File":"C:\\xampp\\htdocs\\cbanovo.904.ag\\wp-includes\\formatting.php","Line":2809}

Aug 17 2023 17:48:02
{"Number":8192,"Message":"rtrim(): Passing null to parameter #1 ($string) of type string is deprecated","File":"C:\\xampp\\htdocs\\cbanovo.904.ag\\wp-includes\\formatting.php","Line":2809}

Aug 17 2023 17:48:02
{"type":2,"message":"qirolab_posts_where(): Argument #2 ($wp_query) must be passed by reference, value given","file":"C:\\xampp\\htdocs\\cbanovo.904.ag\\wp-includes\\class-wp-hook.php","line":308}

Aug 17 2023 17:48:04
{"type":1,"message":"Uncaught TypeError: Cannot assign null to property mysqli_result::$current_field of type int in C:\\xampp\\htdocs\\cbanovo.904.ag\\wp-content\\plugins\\all-in-one-wp-migration\\lib\\vendor\\servmask\\database\\class-ai1wm-database-utility.php:64\nStack trace:\n#0 C:\\xampp\\htdocs\\cbanovo.904.ag\\wp-content\\plugins\\all-in-one-wp-migration\\lib\\vendor\\servmask\\database\\class-ai1wm-database-utility.php(64): unserialize('O:18:\"PMXI_Impo...')\n#1 C:\\xampp\\htdocs\\cbanovo.904.ag\\wp-content\\plugins\\all-in-one-wp-migration\\lib\\vendor\\servmask\\database\\class-ai1wm-database-utility.php(69): Ai1wm_Database_Utility::replace_serialized_values(Array, Array, 'O:18:\"PMXI_Impo...', false)\n#2 C:\\xampp\\htdocs\\cbanovo.904.ag\\wp-content\\plugins\\all-in-one-wp-migration\\lib\\vendor\\servmask\\database\\class-ai1wm-database-utility.php(65): Ai1wm_Database_Utility::replace_serialized_values(Array, Array, Array, true)\n#3 C:\\xampp\\htdocs\\cbanovo.904.ag\\wp-content\\plugins\\all-in-one-wp-migration\\lib\\vendor\\servmask\\database\\class-ai1wm-database.php(1403): Ai1wm_Database_Utility::replace_serialized_values(Array, Array, 'a:41:{s:8:\"file...')\n#4 [internal function]: Ai1wm_Database->replace_table_values_callback(Array)\n#5 C:\\xampp\\htdocs\\cbanovo.904.ag\\wp-content\\plugins\\all-in-one-wp-migration\\lib\\vendor\\servmask\\database\\class-ai1wm-database.php(1338): preg_replace_callback('\/'(.*?)(?<!\\\\\\\\)'...', Array, 'INSERT INTO `wp...')\n#6 C:\\xampp\\htdocs\\cbanovo.904.ag\\wp-content\\plugins\\all-in-one-wp-migration\\lib\\vendor\\servmask\\database\\class-ai1wm-database.php(927): Ai1wm_Database->replace_table_values('INSERT INTO `wp...')\n#7 C:\\xampp\\htdocs\\cbanovo.904.ag\\wp-content\\plugins\\all-in-one-wp-migration\\lib\\model\\import\\class-ai1wm-import-database.php(794): Ai1wm_Database->import('C:\\\\xampp\\\\htdocs...', 2127514)\n#8 C:\\xampp\\htdocs\\cbanovo.904.ag\\wp-content\\plugins\\all-in-one-wp-migration\\lib\\controller\\class-ai1wm-import-controller.php(70): Ai1wm_Import_Database::execute(Array)\n#9 C:\\xampp\\htdocs\\cbanovo.904.ag\\wp-includes\\class-wp-hook.php(308): Ai1wm_Import_Controller::import(Array)\n#10 C:\\xampp\\htdocs\\cbanovo.904.ag\\wp-includes\\class-wp-hook.php(332): WP_Hook->apply_filters('', Array)\n#11 C:\\xampp\\htdocs\\cbanovo.904.ag\\wp-includes\\plugin.php(517): WP_Hook->do_action(Array)\n#12 C:\\xampp\\htdocs\\cbanovo.904.ag\\wp-admin\\admin-ajax.php(188): do_action('wp_ajax_ai1wm_i...')\n#13 {main}\n  thrown","file":"C:\\xampp\\htdocs\\cbanovo.904.ag\\wp-content\\plugins\\all-in-one-wp-migration\\lib\\vendor\\servmask\\database\\class-ai1wm-database-utility.php","line":64}

Aug 19 2023 11:29:29
{"type":2,"message":"qirolab_posts_where(): Argument #2 ($wp_query) must be passed by reference, value given","file":"C:\\xampp\\htdocs\\cbanovo.904.ag\\wp-includes\\class-wp-hook.php","line":308}

Aug 19 2023 11:29:31
{"type":2,"message":"qirolab_posts_where(): Argument #2 ($wp_query) must be passed by reference, value given","file":"C:\\xampp\\htdocs\\cbanovo.904.ag\\wp-includes\\class-wp-hook.php","line":308}

Aug 19 2023 11:29:31
{"type":2,"message":"qirolab_posts_where(): Argument #2 ($wp_query) must be passed by reference, value given","file":"C:\\xampp\\htdocs\\cbanovo.904.ag\\wp-includes\\class-wp-hook.php","line":308}

Aug 19 2023 11:29:33
{"type":2,"message":"qirolab_posts_where(): Argument #2 ($wp_query) must be passed by reference, value given","file":"C:\\xampp\\htdocs\\cbanovo.904.ag\\wp-includes\\class-wp-hook.php","line":308}

Aug 19 2023 11:29:37
{"type":2,"message":"qirolab_posts_where(): Argument #2 ($wp_query) must be passed by reference, value given","file":"C:\\xampp\\htdocs\\cbanovo.904.ag\\wp-includes\\class-wp-hook.php","line":308}

Aug 19 2023 11:29:41
{"type":2,"message":"qirolab_posts_where(): Argument #2 ($wp_query) must be passed by reference, value given","file":"C:\\xampp\\htdocs\\cbanovo.904.ag\\wp-includes\\class-wp-hook.php","line":308}

Aug 19 2023 11:29:43
{"type":2,"message":"qirolab_posts_where(): Argument #2 ($wp_query) must be passed by reference, value given","file":"C:\\xampp\\htdocs\\cbanovo.904.ag\\wp-includes\\class-wp-hook.php","line":308}

Aug 19 2023 11:29:43
{"type":2,"message":"qirolab_posts_where(): Argument #2 ($wp_query) must be passed by reference, value given","file":"C:\\xampp\\htdocs\\cbanovo.904.ag\\wp-includes\\class-wp-hook.php","line":308}

Aug 19 2023 11:29:48
{"type":2,"message":"qirolab_posts_where(): Argument #2 ($wp_query) must be passed by reference, value given","file":"C:\\xampp\\htdocs\\cbanovo.904.ag\\wp-includes\\class-wp-hook.php","line":308}

Aug 19 2023 11:29:53
{"type":2,"message":"qirolab_posts_where(): Argument #2 ($wp_query) must be passed by reference, value given","file":"C:\\xampp\\htdocs\\cbanovo.904.ag\\wp-includes\\class-wp-hook.php","line":308}

Aug 19 2023 11:29:55
{"type":2,"message":"qirolab_posts_where(): Argument #2 ($wp_query) must be passed by reference, value given","file":"C:\\xampp\\htdocs\\cbanovo.904.ag\\wp-includes\\class-wp-hook.php","line":308}

Aug 19 2023 11:29:58
{"type":2,"message":"qirolab_posts_where(): Argument #2 ($wp_query) must be passed by reference, value given","file":"C:\\xampp\\htdocs\\cbanovo.904.ag\\wp-includes\\class-wp-hook.php","line":308}

Aug 19 2023 11:30:09
{"type":2,"message":"qirolab_posts_where(): Argument #2 ($wp_query) must be passed by reference, value given","file":"C:\\xampp\\htdocs\\cbanovo.904.ag\\wp-includes\\class-wp-hook.php","line":308}

Aug 19 2023 11:30:10
{"type":2,"message":"qirolab_posts_where(): Argument #2 ($wp_query) must be passed by reference, value given","file":"C:\\xampp\\htdocs\\cbanovo.904.ag\\wp-includes\\class-wp-hook.php","line":308}

Aug 19 2023 11:30:15
{"type":2,"message":"qirolab_posts_where(): Argument #2 ($wp_query) must be passed by reference, value given","file":"C:\\xampp\\htdocs\\cbanovo.904.ag\\wp-includes\\class-wp-hook.php","line":308}

Aug 19 2023 11:30:15
{"type":2,"message":"qirolab_posts_where(): Argument #2 ($wp_query) must be passed by reference, value given","file":"C:\\xampp\\htdocs\\cbanovo.904.ag\\wp-includes\\class-wp-hook.php","line":308}

Aug 19 2023 11:30:17
{"type":2,"message":"qirolab_posts_where(): Argument #2 ($wp_query) must be passed by reference, value given","file":"C:\\xampp\\htdocs\\cbanovo.904.ag\\wp-includes\\class-wp-hook.php","line":308}

Aug 19 2023 11:30:19
{"type":2,"message":"qirolab_posts_where(): Argument #2 ($wp_query) must be passed by reference, value given","file":"C:\\xampp\\htdocs\\cbanovo.904.ag\\wp-includes\\class-wp-hook.php","line":308}

Aug 19 2023 11:30:20
{"type":2,"message":"qirolab_posts_where(): Argument #2 ($wp_query) must be passed by reference, value given","file":"C:\\xampp\\htdocs\\cbanovo.904.ag\\wp-includes\\class-wp-hook.php","line":308}

Aug 19 2023 11:30:21
{"Number":8192,"Message":"rtrim(): Passing null to parameter #1 ($string) of type string is deprecated","File":"C:\\xampp\\htdocs\\cbanovo.904.ag\\wp-includes\\formatting.php","Line":2809}

Aug 19 2023 11:30:21
{"Number":8192,"Message":"rtrim(): Passing null to parameter #1 ($string) of type string is deprecated","File":"C:\\xampp\\htdocs\\cbanovo.904.ag\\wp-includes\\formatting.php","Line":2809}

Aug 19 2023 11:30:21
{"Number":8192,"Message":"rtrim(): Passing null to parameter #1 ($string) of type string is deprecated","File":"C:\\xampp\\htdocs\\cbanovo.904.ag\\wp-includes\\formatting.php","Line":2809}

Aug 19 2023 11:30:21
{"Number":8192,"Message":"rtrim(): Passing null to parameter #1 ($string) of type string is deprecated","File":"C:\\xampp\\htdocs\\cbanovo.904.ag\\wp-includes\\formatting.php","Line":2809}

Aug 19 2023 11:30:21
{"Number":8192,"Message":"rtrim(): Passing null to parameter #1 ($string) of type string is deprecated","File":"C:\\xampp\\htdocs\\cbanovo.904.ag\\wp-includes\\formatting.php","Line":2809}

Aug 19 2023 11:30:21
{"Number":8192,"Message":"rtrim(): Passing null to parameter #1 ($string) of type string is deprecated","File":"C:\\xampp\\htdocs\\cbanovo.904.ag\\wp-includes\\formatting.php","Line":2809}

Aug 19 2023 11:30:21
{"Number":8192,"Message":"rtrim(): Passing null to parameter #1 ($string) of type string is deprecated","File":"C:\\xampp\\htdocs\\cbanovo.904.ag\\wp-includes\\formatting.php","Line":2809}

Aug 19 2023 11:30:21
{"Number":8192,"Message":"rtrim(): Passing null to parameter #1 ($string) of type string is deprecated","File":"C:\\xampp\\htdocs\\cbanovo.904.ag\\wp-includes\\formatting.php","Line":2809}

Aug 19 2023 11:30:21
{"Number":8192,"Message":"rtrim(): Passing null to parameter #1 ($string) of type string is deprecated","File":"C:\\xampp\\htdocs\\cbanovo.904.ag\\wp-includes\\formatting.php","Line":2809}

Aug 19 2023 11:30:21
{"Number":8192,"Message":"rtrim(): Passing null to parameter #1 ($string) of type string is deprecated","File":"C:\\xampp\\htdocs\\cbanovo.904.ag\\wp-includes\\formatting.php","Line":2809}

Aug 19 2023 11:30:21
{"Number":8192,"Message":"rtrim(): Passing null to parameter #1 ($string) of type string is deprecated","File":"C:\\xampp\\htdocs\\cbanovo.904.ag\\wp-includes\\formatting.php","Line":2809}

Aug 19 2023 11:30:21
{"Number":8192,"Message":"rtrim(): Passing null to parameter #1 ($string) of type string is deprecated","File":"C:\\xampp\\htdocs\\cbanovo.904.ag\\wp-includes\\formatting.php","Line":2809}

Aug 19 2023 11:30:21
{"Number":8192,"Message":"rtrim(): Passing null to parameter #1 ($string) of type string is deprecated","File":"C:\\xampp\\htdocs\\cbanovo.904.ag\\wp-includes\\formatting.php","Line":2809}

Aug 19 2023 11:30:21
{"Number":8192,"Message":"rtrim(): Passing null to parameter #1 ($string) of type string is deprecated","File":"C:\\xampp\\htdocs\\cbanovo.904.ag\\wp-includes\\formatting.php","Line":2809}

Aug 19 2023 11:30:21
{"Number":8192,"Message":"rtrim(): Passing null to parameter #1 ($string) of type string is deprecated","File":"C:\\xampp\\htdocs\\cbanovo.904.ag\\wp-includes\\formatting.php","Line":2809}

Aug 19 2023 11:30:21
{"Number":8192,"Message":"rtrim(): Passing null to parameter #1 ($string) of type string is deprecated","File":"C:\\xampp\\htdocs\\cbanovo.904.ag\\wp-includes\\formatting.php","Line":2809}

Aug 19 2023 11:30:21
{"Number":8192,"Message":"rtrim(): Passing null to parameter #1 ($string) of type string is deprecated","File":"C:\\xampp\\htdocs\\cbanovo.904.ag\\wp-includes\\formatting.php","Line":2809}

Aug 19 2023 11:30:21
{"Number":8192,"Message":"rtrim(): Passing null to parameter #1 ($string) of type string is deprecated","File":"C:\\xampp\\htdocs\\cbanovo.904.ag\\wp-includes\\formatting.php","Line":2809}

Aug 19 2023 11:30:21
{"Number":8192,"Message":"rtrim(): Passing null to parameter #1 ($string) of type string is deprecated","File":"C:\\xampp\\htdocs\\cbanovo.904.ag\\wp-includes\\formatting.php","Line":2809}

Aug 19 2023 11:30:21
{"Number":8192,"Message":"rtrim(): Passing null to parameter #1 ($string) of type string is deprecated","File":"C:\\xampp\\htdocs\\cbanovo.904.ag\\wp-includes\\formatting.php","Line":2809}

Aug 19 2023 11:30:21
{"Number":8192,"Message":"rtrim(): Passing null to parameter #1 ($string) of type string is deprecated","File":"C:\\xampp\\htdocs\\cbanovo.904.ag\\wp-includes\\formatting.php","Line":2809}

Aug 19 2023 11:30:21
{"Number":8192,"Message":"rtrim(): Passing null to parameter #1 ($string) of type string is deprecated","File":"C:\\xampp\\htdocs\\cbanovo.904.ag\\wp-includes\\formatting.php","Line":2809}

Aug 19 2023 11:30:21
{"Number":8192,"Message":"rtrim(): Passing null to parameter #1 ($string) of type string is deprecated","File":"C:\\xampp\\htdocs\\cbanovo.904.ag\\wp-includes\\formatting.php","Line":2809}

Aug 19 2023 11:30:21
{"Number":8192,"Message":"rtrim(): Passing null to parameter #1 ($string) of type string is deprecated","File":"C:\\xampp\\htdocs\\cbanovo.904.ag\\wp-includes\\formatting.php","Line":2809}

Aug 19 2023 11:30:23
{"type":1,"message":"Uncaught TypeError: Cannot assign null to property mysqli_result::$current_field of type int in C:\\xampp\\htdocs\\cbanovo.904.ag\\wp-content\\plugins\\all-in-one-wp-migration\\lib\\vendor\\servmask\\database\\class-ai1wm-database-utility.php:64\nStack trace:\n#0 C:\\xampp\\htdocs\\cbanovo.904.ag\\wp-content\\plugins\\all-in-one-wp-migration\\lib\\vendor\\servmask\\database\\class-ai1wm-database-utility.php(64): unserialize('O:18:\"PMXI_Impo...')\n#1 C:\\xampp\\htdocs\\cbanovo.904.ag\\wp-content\\plugins\\all-in-one-wp-migration\\lib\\vendor\\servmask\\database\\class-ai1wm-database-utility.php(69): Ai1wm_Database_Utility::replace_serialized_values(Array, Array, 'O:18:\"PMXI_Impo...', false)\n#2 C:\\xampp\\htdocs\\cbanovo.904.ag\\wp-content\\plugins\\all-in-one-wp-migration\\lib\\vendor\\servmask\\database\\class-ai1wm-database-utility.php(65): Ai1wm_Database_Utility::replace_serialized_values(Array, Array, Array, true)\n#3 C:\\xampp\\htdocs\\cbanovo.904.ag\\wp-content\\plugins\\all-in-one-wp-migration\\lib\\vendor\\servmask\\database\\class-ai1wm-database.php(1403): Ai1wm_Database_Utility::replace_serialized_values(Array, Array, 'a:41:{s:8:\"file...')\n#4 [internal function]: Ai1wm_Database->replace_table_values_callback(Array)\n#5 C:\\xampp\\htdocs\\cbanovo.904.ag\\wp-content\\plugins\\all-in-one-wp-migration\\lib\\vendor\\servmask\\database\\class-ai1wm-database.php(1338): preg_replace_callback('\/'(.*?)(?<!\\\\\\\\)'...', Array, 'INSERT INTO `wp...')\n#6 C:\\xampp\\htdocs\\cbanovo.904.ag\\wp-content\\plugins\\all-in-one-wp-migration\\lib\\vendor\\servmask\\database\\class-ai1wm-database.php(927): Ai1wm_Database->replace_table_values('INSERT INTO `wp...')\n#7 C:\\xampp\\htdocs\\cbanovo.904.ag\\wp-content\\plugins\\all-in-one-wp-migration\\lib\\model\\import\\class-ai1wm-import-database.php(794): Ai1wm_Database->import('C:\\\\xampp\\\\htdocs...', 1818400)\n#8 C:\\xampp\\htdocs\\cbanovo.904.ag\\wp-content\\plugins\\all-in-one-wp-migration\\lib\\controller\\class-ai1wm-import-controller.php(70): Ai1wm_Import_Database::execute(Array)\n#9 C:\\xampp\\htdocs\\cbanovo.904.ag\\wp-includes\\class-wp-hook.php(308): Ai1wm_Import_Controller::import(Array)\n#10 C:\\xampp\\htdocs\\cbanovo.904.ag\\wp-includes\\class-wp-hook.php(332): WP_Hook->apply_filters('', Array)\n#11 C:\\xampp\\htdocs\\cbanovo.904.ag\\wp-includes\\plugin.php(517): WP_Hook->do_action(Array)\n#12 C:\\xampp\\htdocs\\cbanovo.904.ag\\wp-admin\\admin-ajax.php(188): do_action('wp_ajax_ai1wm_i...')\n#13 {main}\n  thrown","file":"C:\\xampp\\htdocs\\cbanovo.904.ag\\wp-content\\plugins\\all-in-one-wp-migration\\lib\\vendor\\servmask\\database\\class-ai1wm-database-utility.php","line":64}

Aug 19 2023 11:30:25
{"type":2,"message":"qirolab_posts_where(): Argument #2 ($wp_query) must be passed by reference, value given","file":"C:\\xampp\\htdocs\\cbanovo.904.ag\\wp-includes\\class-wp-hook.php","line":308}

Aug 19 2023 13:30:09
{"type":2,"message":"qirolab_posts_where(): Argument #2 ($wp_query) must be passed by reference, value given","file":"C:\\xampp\\htdocs\\cbanovo.904.ag\\wp-includes\\class-wp-hook.php","line":308}

Aug 19 2023 13:30:13
{"type":2,"message":"qirolab_posts_where(): Argument #2 ($wp_query) must be passed by reference, value given","file":"C:\\xampp\\htdocs\\cbanovo.904.ag\\wp-includes\\class-wp-hook.php","line":308}

Aug 19 2023 13:37:18
{"Number":8192,"Message":"explode(): Passing null to parameter #2 ($string) of type string is deprecated","File":"C:\\xampp\\htdocs\\cbanovo.904.ag\\wp-content\\plugins\\all-in-one-wp-migration\\functions.php","Line":359}

Aug 19 2023 13:37:18
{"type":2,"message":"qirolab_posts_where(): Argument #2 ($wp_query) must be passed by reference, value given","file":"C:\\xampp\\htdocs\\cbanovo.904.ag\\wp-includes\\class-wp-hook.php","line":308}

Aug 19 2023 13:37:20
{"type":2,"message":"qirolab_posts_where(): Argument #2 ($wp_query) must be passed by reference, value given","file":"C:\\xampp\\htdocs\\cbanovo.904.ag\\wp-includes\\class-wp-hook.php","line":308}

Aug 19 2023 13:37:20
{"type":2,"message":"qirolab_posts_where(): Argument #2 ($wp_query) must be passed by reference, value given","file":"C:\\xampp\\htdocs\\cbanovo.904.ag\\wp-includes\\class-wp-hook.php","line":308}

Aug 19 2023 13:37:22
{"type":2,"message":"qirolab_posts_where(): Argument #2 ($wp_query) must be passed by reference, value given","file":"C:\\xampp\\htdocs\\cbanovo.904.ag\\wp-includes\\class-wp-hook.php","line":308}

Aug 19 2023 13:37:29
{"type":2,"message":"qirolab_posts_where(): Argument #2 ($wp_query) must be passed by reference, value given","file":"C:\\xampp\\htdocs\\cbanovo.904.ag\\wp-includes\\class-wp-hook.php","line":308}

Aug 19 2023 13:37:31
{"type":2,"message":"qirolab_posts_where(): Argument #2 ($wp_query) must be passed by reference, value given","file":"C:\\xampp\\htdocs\\cbanovo.904.ag\\wp-includes\\class-wp-hook.php","line":308}

Aug 19 2023 13:37:34
{"type":2,"message":"qirolab_posts_where(): Argument #2 ($wp_query) must be passed by reference, value given","file":"C:\\xampp\\htdocs\\cbanovo.904.ag\\wp-includes\\class-wp-hook.php","line":308}

Aug 19 2023 13:37:37
{"type":2,"message":"qirolab_posts_where(): Argument #2 ($wp_query) must be passed by reference, value given","file":"C:\\xampp\\htdocs\\cbanovo.904.ag\\wp-includes\\class-wp-hook.php","line":308}

Aug 19 2023 13:37:42
{"type":2,"message":"qirolab_posts_where(): Argument #2 ($wp_query) must be passed by reference, value given","file":"C:\\xampp\\htdocs\\cbanovo.904.ag\\wp-includes\\class-wp-hook.php","line":308}

Aug 19 2023 13:37:44
{"type":2,"message":"qirolab_posts_where(): Argument #2 ($wp_query) must be passed by reference, value given","file":"C:\\xampp\\htdocs\\cbanovo.904.ag\\wp-includes\\class-wp-hook.php","line":308}

Aug 19 2023 13:37:48
{"type":2,"message":"qirolab_posts_where(): Argument #2 ($wp_query) must be passed by reference, value given","file":"C:\\xampp\\htdocs\\cbanovo.904.ag\\wp-includes\\class-wp-hook.php","line":308}

Aug 19 2023 13:37:48
{"type":2,"message":"qirolab_posts_where(): Argument #2 ($wp_query) must be passed by reference, value given","file":"C:\\xampp\\htdocs\\cbanovo.904.ag\\wp-includes\\class-wp-hook.php","line":308}

Aug 19 2023 13:37:51
{"type":2,"message":"qirolab_posts_where(): Argument #2 ($wp_query) must be passed by reference, value given","file":"C:\\xampp\\htdocs\\cbanovo.904.ag\\wp-includes\\class-wp-hook.php","line":308}

Aug 19 2023 13:37:53
{"type":2,"message":"qirolab_posts_where(): Argument #2 ($wp_query) must be passed by reference, value given","file":"C:\\xampp\\htdocs\\cbanovo.904.ag\\wp-includes\\class-wp-hook.php","line":308}

Aug 19 2023 13:37:53
{"type":2,"message":"qirolab_posts_where(): Argument #2 ($wp_query) must be passed by reference, value given","file":"C:\\xampp\\htdocs\\cbanovo.904.ag\\wp-includes\\class-wp-hook.php","line":308}

Aug 19 2023 13:37:55
{"type":2,"message":"qirolab_posts_where(): Argument #2 ($wp_query) must be passed by reference, value given","file":"C:\\xampp\\htdocs\\cbanovo.904.ag\\wp-includes\\class-wp-hook.php","line":308}

Aug 19 2023 13:37:57
{"type":2,"message":"qirolab_posts_where(): Argument #2 ($wp_query) must be passed by reference, value given","file":"C:\\xampp\\htdocs\\cbanovo.904.ag\\wp-includes\\class-wp-hook.php","line":308}

Aug 19 2023 13:37:58
{"type":2,"message":"qirolab_posts_where(): Argument #2 ($wp_query) must be passed by reference, value given","file":"C:\\xampp\\htdocs\\cbanovo.904.ag\\wp-includes\\class-wp-hook.php","line":308}

Aug 19 2023 13:38:00
{"type":2,"message":"qirolab_posts_where(): Argument #2 ($wp_query) must be passed by reference, value given","file":"C:\\xampp\\htdocs\\cbanovo.904.ag\\wp-includes\\class-wp-hook.php","line":308}

